0 info it worked if it ends with ok
1 verbose cli [ 'node',
1 verbose cli   '/Users/brianleroux/.nave/installed/0.11.14/bin/npm',
1 verbose cli   'version',
1 verbose cli   'patch' ]
2 info using npm@2.1.11
3 info using node@v0.11.14
4 info git [ 'status', '--porcelain' ]
5 verbose stack Error: Git working directory not clean.
5 verbose stack M example/index.html
5 verbose stack     at /Users/brianleroux/.nave/installed/0.11.14/lib/node_modules/npm/lib/version.js:123:33
5 verbose stack     at ChildProcess.exithandler (child_process.js:723:7)
5 verbose stack     at ChildProcess.emit (events.js:110:17)
5 verbose stack     at maybeClose (child_process.js:1000:16)
5 verbose stack     at Socket.<anonymous> (child_process.js:1168:11)
5 verbose stack     at Socket.emit (events.js:107:17)
5 verbose stack     at Pipe.close (net.js:461:12)
6 verbose cwd /Users/brianleroux/Desktop/index-html
7 error Darwin 13.4.0
8 error argv "node" "/Users/brianleroux/.nave/installed/0.11.14/bin/npm" "version" "patch"
9 error node v0.11.14
10 error npm  v2.1.11
11 error Git working directory not clean.
11 error M example/index.html
12 error If you need help, you may report this error at:
12 error     <http://github.com/npm/npm/issues>
13 verbose exit [ 1, true ]
